<?xml version="1.0" encoding="UTF-8"?>
<!-- Generated by org.testng.reporters.JUnitReportReporter -->
<testsuite hostname="DC5CG138867R" failures="0" tests="1" name="AppiumFramework.ecommerce_tc_4" time="26.558" errors="0" timestamp="2022-04-14T11:37:00 NZST" skipped="0">
  <testcase classname="AppiumFramework.ecommerce_tc_4" name="totalValidation" time="26.558"/>
  <system-out/>
</testsuite> <!-- AppiumFramework.ecommerce_tc_4 -->
